# JRE version: OpenJDK Runtime Environment (8.0_242-b01) (build 1.8.0_242-release-1644-b01)
# Java VM: OpenJDK 64-Bit Server VM (25.242-b01 mixed mode windows-amd64 compressed oops)
Heap:
 PSYoungGen      total 171520K, used 73378K [0x00000000d5580000, 0x00000000e3400000, 0x0000000100000000)
  eden space 151552K, 35% used [0x00000000d5580000,0x00000000d89ac358,0x00000000de980000)
  from space 19968K, 99% used [0x00000000de980000,0x00000000dfcfc858,0x00000000dfd00000)
  to   space 27136K, 0% used [0x00000000e1980000,0x00000000e1980000,0x00000000e3400000)
 ParOldGen       total 95232K, used 46617K [0x0000000080000000, 0x0000000085d00000, 0x00000000d5580000)
  object space 95232K, 48% used [0x0000000080000000,0x0000000082d86768,0x0000000085d00000)
 Metaspace       used 70328K, capacity 73538K, committed 73624K, reserved 1112064K
  class space    used 9517K, capacity 10136K, committed 10152K, reserved 1048576K
GC Heap History (10 events):
Event: 30.463 GC heap before
{Heap before GC invocations=16 (full 2):
 PSYoungGen      total 108544K, used 106093K [0x00000000d5580000, 0x00000000de400000, 0x0000000100000000)
  eden space 99328K, 100% used [0x00000000d5580000,0x00000000db680000,0x00000000db680000)
  from space 9216K, 73% used [0x00000000db680000,0x00000000dbd1b410,0x00000000dbf80000)
  to   space 9728K, 0% used [0x00000000dda80000,0x00000000dda80000,0x00000000de400000)
 ParOldGen       total 54272K, used 14935K [0x0000000080000000, 0x0000000083500000, 0x00000000d5580000)
  object space 54272K, 27% used [0x0000000080000000,0x0000000080e95e70,0x0000000083500000)
 Metaspace       used 47426K, capacity 49312K, committed 49576K, reserved 1091584K
  class space    used 6391K, capacity 6756K, committed 6824K, reserved 1048576K
Event: 30.491 GC heap after
Heap after GC invocations=16 (full 2):
 PSYoungGen      total 132608K, used 9724K [0x00000000d5580000, 0x00000000de900000, 0x0000000100000000)
  eden space 122880K, 0% used [0x00000000d5580000,0x00000000d5580000,0x00000000dcd80000)
  from space 9728K, 99% used [0x00000000dda80000,0x00000000de3ff2f0,0x00000000de400000)
  to   space 13312K, 0% used [0x00000000dcd80000,0x00000000dcd80000,0x00000000dda80000)
 ParOldGen       total 54272K, used 22238K [0x0000000080000000, 0x0000000083500000, 0x00000000d5580000)
  object space 54272K, 40% used [0x0000000080000000,0x00000000815b7ba8,0x0000000083500000)
 Metaspace       used 47426K, capacity 49312K, committed 49576K, reserved 1091584K
  class space    used 6391K, capacity 6756K, committed 6824K, reserved 1048576K
}
Event: 33.460 GC heap before
{Heap before GC invocations=17 (full 2):
 PSYoungGen      total 132608K, used 124886K [0x00000000d5580000, 0x00000000de900000, 0x0000000100000000)
  eden space 122880K, 93% used [0x00000000d5580000,0x00000000dc5f6778,0x00000000dcd80000)
  from space 9728K, 99% used [0x00000000dda80000,0x00000000de3ff2f0,0x00000000de400000)
  to   space 13312K, 0% used [0x00000000dcd80000,0x00000000dcd80000,0x00000000dda80000)
 ParOldGen       total 54272K, used 22238K [0x0000000080000000, 0x0000000083500000, 0x00000000d5580000)
  object space 54272K, 40% used [0x0000000080000000,0x00000000815b7ba8,0x0000000083500000)
 Metaspace       used 56910K, capacity 59072K, committed 59160K, reserved 1099776K
  class space    used 7703K, capacity 8151K, committed 8232K, reserved 1048576K
Event: 33.492 GC heap after
Heap after GC invocations=17 (full 2):
 PSYoungGen      total 136192K, used 13308K [0x00000000d5580000, 0x00000000e1180000, 0x0000000100000000)
  eden space 122880K, 0% used [0x00000000d5580000,0x00000000d5580000,0x00000000dcd80000)
  from space 13312K, 99% used [0x00000000dcd80000,0x00000000dda7f110,0x00000000dda80000)
  to   space 19456K, 0% used [0x00000000dfe80000,0x00000000dfe80000,0x00000000e1180000)
 ParOldGen       total 54272K, used 32682K [0x0000000080000000, 0x0000000083500000, 0x00000000d5580000)
  object space 54272K, 60% used [0x0000000080000000,0x0000000081feaaf8,0x0000000083500000)
 Metaspace       used 56910K, capacity 59072K, committed 59160K, reserved 1099776K
  class space    used 7703K, capacity 8151K, committed 8232K, reserved 1048576K
}
Event: 33.492 GC heap before
{Heap before GC invocations=18 (full 3):
 PSYoungGen      total 136192K, used 13308K [0x00000000d5580000, 0x00000000e1180000, 0x0000000100000000)
  eden space 122880K, 0% used [0x00000000d5580000,0x00000000d5580000,0x00000000dcd80000)
  from space 13312K, 99% used [0x00000000dcd80000,0x00000000dda7f110,0x00000000dda80000)
  to   space 19456K, 0% used [0x00000000dfe80000,0x00000000dfe80000,0x00000000e1180000)
 ParOldGen       total 54272K, used 32682K [0x0000000080000000, 0x0000000083500000, 0x00000000d5580000)
  object space 54272K, 60% used [0x0000000080000000,0x0000000081feaaf8,0x0000000083500000)
 Metaspace       used 56910K, capacity 59072K, committed 59160K, reserved 1099776K
  class space    used 7703K, capacity 8151K, committed 8232K, reserved 1048576K
Event: 33.799 GC heap after
Heap after GC invocations=18 (full 3):
 PSYoungGen      total 136192K, used 0K [0x00000000d5580000, 0x00000000e1180000, 0x0000000100000000)
  eden space 122880K, 0% used [0x00000000d5580000,0x00000000d5580000,0x00000000dcd80000)
  from space 13312K, 0% used [0x00000000dcd80000,0x00000000dcd80000,0x00000000dda80000)
  to   space 19456K, 0% used [0x00000000dfe80000,0x00000000dfe80000,0x00000000e1180000)
 ParOldGen       total 95232K, used 36566K [0x0000000080000000, 0x0000000085d00000, 0x00000000d5580000)
  object space 95232K, 38% used [0x0000000080000000,0x00000000823b5810,0x0000000085d00000)
 Metaspace       used 56890K, capacity 59006K, committed 59160K, reserved 1099776K
  class space    used 7697K, capacity 8140K, committed 8232K, reserved 1048576K
}
Event: 38.909 GC heap before
{Heap before GC invocations=19 (full 3):
 PSYoungGen      total 136192K, used 122880K [0x00000000d5580000, 0x00000000e1180000, 0x0000000100000000)
  eden space 122880K, 100% used [0x00000000d5580000,0x00000000dcd80000,0x00000000dcd80000)
  from space 13312K, 0% used [0x00000000dcd80000,0x00000000dcd80000,0x00000000dda80000)
  to   space 19456K, 0% used [0x00000000dfe80000,0x00000000dfe80000,0x00000000e1180000)
 ParOldGen       total 95232K, used 36566K [0x0000000080000000, 0x0000000085d00000, 0x00000000d5580000)
  object space 95232K, 38% used [0x0000000080000000,0x00000000823b5810,0x0000000085d00000)
 Metaspace       used 65001K, capacity 67746K, committed 67992K, reserved 1107968K
  class space    used 8972K, capacity 9550K, committed 9640K, reserved 1048576K
Event: 38.946 GC heap after
Heap after GC invocations=19 (full 3):
 PSYoungGen      total 169984K, used 13099K [0x00000000d5580000, 0x00000000e1080000, 0x0000000100000000)
  eden space 151552K, 0% used [0x00000000d5580000,0x00000000d5580000,0x00000000de980000)
  from space 18432K, 71% used [0x00000000dfe80000,0x00000000e0b4af08,0x00000000e1080000)
  to   space 19968K, 0% used [0x00000000de980000,0x00000000de980000,0x00000000dfd00000)
 ParOldGen       total 95232K, used 36574K [0x0000000080000000, 0x0000000085d00000, 0x00000000d5580000)
  object space 95232K, 38% used [0x0000000080000000,0x00000000823b7810,0x0000000085d00000)
 Metaspace       used 65001K, capacity 67746K, committed 67992K, reserved 1107968K
  class space    used 8972K, capacity 9550K, committed 9640K, reserved 1048576K
}
Event: 48.699 GC heap before
{Heap before GC invocations=20 (full 3):
 PSYoungGen      total 169984K, used 164651K [0x00000000d5580000, 0x00000000e1080000, 0x0000000100000000)
  eden space 151552K, 100% used [0x00000000d5580000,0x00000000de980000,0x00000000de980000)
  from space 18432K, 71% used [0x00000000dfe80000,0x00000000e0b4af08,0x00000000e1080000)
  to   space 19968K, 0% used [0x00000000de980000,0x00000000de980000,0x00000000dfd00000)
 ParOldGen       total 95232K, used 36574K [0x0000000080000000, 0x0000000085d00000, 0x00000000d5580000)
  object space 95232K, 38% used [0x0000000080000000,0x00000000823b7810,0x0000000085d00000)
 Metaspace       used 67024K, capacity 70058K, committed 70296K, reserved 1110016K
  class space    used 9173K, capacity 9776K, committed 9896K, reserved 1048576K
Event: 48.762 GC heap after
Heap after GC invocations=20 (full 3):
 PSYoungGen      total 171520K, used 19954K [0x00000000d5580000, 0x00000000e3400000, 0x0000000100000000)
  eden space 151552K, 0% used [0x00000000d5580000,0x00000000d5580000,0x00000000de980000)
  from space 19968K, 99% used [0x00000000de980000,0x00000000dfcfc858,0x00000000dfd00000)
  to   space 27136K, 0% used [0x00000000e1980000,0x00000000e1980000,0x00000000e3400000)
 ParOldGen       total 95232K, used 46617K [0x0000000080000000, 0x0000000085d00000, 0x00000000d5580000)
  object space 95232K, 48% used [0x0000000080000000,0x0000000082d86768,0x0000000085d00000)
 Metaspace       used 67024K, capacity 70058K, committed 70296K, reserved 1110016K
  class space    used 9173K, capacity 9776K, committed 9896K, reserved 1048576K
}

